Arguments: 
  /usr/local/Cellar/node/11.11.0/bin/node /usr/local/Cellar/yarn/1.13.0/libexec/bin/yarn.js add nkn-wallet --save-dev

PATH: 
  /usr/local/bin:/usr/bin:/bin:/usr/sbin:/sbin:/Users/changjie

Yarn version: 
  1.13.0

Node version: 
  11.11.0

Platform: 
  darwin x64

Trace: 
  Error: ENOENT: no such file or directory, copyfile '/Users/changjie/Library/Caches/Yarn/v4/npm-ms-2.1.2-d09d1f357b443f493382a8eb3ccd183872ae6009/node_modules/ms/license.md' -> '/Users/changjie/Documents/lcj/typescript/umiPro/node_modules/@svgr/plugin-jsx/node_modules/ms/license.md'

npm manifest: 
  {
    "main": "main.js",
    "homepage": ".",
    "scripts": {
      "start": "umi dev",
      "electron-start": "electron ."
    },
    "dependencies": {
      "ant-design-pro": "^1.3.0",
      "lodash": "^4.17.10",
      "lodash-decorators": "^5.0.0",
      "moment": "^2.22.1",
      "path-to-regexp": "^1.7.0",
      "rc-drawer-menu": "^0.5.7",
      "umi": "^2.1.1",
      "umi-plugin-react": "^1.0.0-beta.17"
    },
    "devDependencies": {
      "electron": "^6.0.10",
      "react-scripts": "^3.1.2"
    }
  }

yarn manifest: 
  No manifest

Lockfile: 
  No lockfile
